<?xml version="1.0" encoding="UTF-8"?>
<testsuites>
  <testsuite name="" tests="43" assertions="118" errors="0" warnings="0" failures="0" skipped="0" time="5.991100">
    <testsuite name="Project Test Suite" tests="43" assertions="118" errors="0" warnings="0" failures="0" skipped="0" time="5.991100">
      <testsuite name="App\Card\BoardTest" file="/mnt/c/cygwin64/home/hampe/dbwebb-kurser/mvc/me/report/tests/Card/BoardTest.php" tests="5" assertions="15" errors="0" warnings="0" failures="0" skipped="0" time="0.189472">
        <testcase name="testGetBoard" class="App\Card\BoardTest" classname="App.Card.BoardTest" file="/mnt/c/cygwin64/home/hampe/dbwebb-kurser/mvc/me/report/tests/Card/BoardTest.php" line="17" assertions="2" time="0.112957"/>
        <testcase name="testSetCard" class="App\Card\BoardTest" classname="App.Card.BoardTest" file="/mnt/c/cygwin64/home/hampe/dbwebb-kurser/mvc/me/report/tests/Card/BoardTest.php" line="31" assertions="1" time="0.008634"/>
        <testcase name="testSetCardException" class="App\Card\BoardTest" classname="App.Card.BoardTest" file="/mnt/c/cygwin64/home/hampe/dbwebb-kurser/mvc/me/report/tests/Card/BoardTest.php" line="50" assertions="1" time="0.023217"/>
        <testcase name="testIsFull" class="App\Card\BoardTest" classname="App.Card.BoardTest" file="/mnt/c/cygwin64/home/hampe/dbwebb-kurser/mvc/me/report/tests/Card/BoardTest.php" line="70" assertions="6" time="0.021088"/>
        <testcase name="testGetPoints" class="App\Card\BoardTest" classname="App.Card.BoardTest" file="/mnt/c/cygwin64/home/hampe/dbwebb-kurser/mvc/me/report/tests/Card/BoardTest.php" line="131" assertions="5" time="0.023574"/>
      </testsuite>
      <testsuite name="App\Card\CardHandTest" file="/mnt/c/cygwin64/home/hampe/dbwebb-kurser/mvc/me/report/tests/Card/CardHandTest.php" tests="6" assertions="17" errors="0" warnings="0" failures="0" skipped="0" time="0.020742">
        <testcase name="testCreateHand" class="App\Card\CardHandTest" classname="App.Card.CardHandTest" file="/mnt/c/cygwin64/home/hampe/dbwebb-kurser/mvc/me/report/tests/Card/CardHandTest.php" line="16" assertions="1" time="0.009553"/>
        <testcase name="testAddCards" class="App\Card\CardHandTest" classname="App.Card.CardHandTest" file="/mnt/c/cygwin64/home/hampe/dbwebb-kurser/mvc/me/report/tests/Card/CardHandTest.php" line="23" assertions="3" time="0.000363"/>
        <testcase name="testGetHandAsString" class="App\Card\CardHandTest" classname="App.Card.CardHandTest" file="/mnt/c/cygwin64/home/hampe/dbwebb-kurser/mvc/me/report/tests/Card/CardHandTest.php" line="38" assertions="2" time="0.009799"/>
        <testcase name="testGetTotalValue" class="App\Card\CardHandTest" classname="App.Card.CardHandTest" file="/mnt/c/cygwin64/home/hampe/dbwebb-kurser/mvc/me/report/tests/Card/CardHandTest.php" line="49" assertions="3" time="0.000321"/>
        <testcase name="testGetValueAsArr" class="App\Card\CardHandTest" classname="App.Card.CardHandTest" file="/mnt/c/cygwin64/home/hampe/dbwebb-kurser/mvc/me/report/tests/Card/CardHandTest.php" line="64" assertions="5" time="0.000320"/>
        <testcase name="testGetCards" class="App\Card\CardHandTest" classname="App.Card.CardHandTest" file="/mnt/c/cygwin64/home/hampe/dbwebb-kurser/mvc/me/report/tests/Card/CardHandTest.php" line="79" assertions="3" time="0.000386"/>
      </testsuite>
      <testsuite name="App\Card\CardTest" file="/mnt/c/cygwin64/home/hampe/dbwebb-kurser/mvc/me/report/tests/Card/CardTest.php" tests="3" assertions="5" errors="0" warnings="0" failures="0" skipped="0" time="0.000954">
        <testcase name="testCreateCard" class="App\Card\CardTest" classname="App.Card.CardTest" file="/mnt/c/cygwin64/home/hampe/dbwebb-kurser/mvc/me/report/tests/Card/CardTest.php" line="16" assertions="1" time="0.000315"/>
        <testcase name="testCardAttributes" class="App\Card\CardTest" classname="App.Card.CardTest" file="/mnt/c/cygwin64/home/hampe/dbwebb-kurser/mvc/me/report/tests/Card/CardTest.php" line="23" assertions="2" time="0.000332"/>
        <testcase name="testChangeCardAttribute" class="App\Card\CardTest" classname="App.Card.CardTest" file="/mnt/c/cygwin64/home/hampe/dbwebb-kurser/mvc/me/report/tests/Card/CardTest.php" line="31" assertions="2" time="0.000306"/>
      </testsuite>
      <testsuite name="App\Card\DeckOfCardsTest" file="/mnt/c/cygwin64/home/hampe/dbwebb-kurser/mvc/me/report/tests/Card/DeckOfCardsTest.php" tests="6" assertions="12" errors="0" warnings="0" failures="0" skipped="0" time="0.050574">
        <testcase name="testCreateDeck" class="App\Card\DeckOfCardsTest" classname="App.Card.DeckOfCardsTest" file="/mnt/c/cygwin64/home/hampe/dbwebb-kurser/mvc/me/report/tests/Card/DeckOfCardsTest.php" line="16" assertions="2" time="0.008797"/>
        <testcase name="testGetAmountOfCards" class="App\Card\DeckOfCardsTest" classname="App.Card.DeckOfCardsTest" file="/mnt/c/cygwin64/home/hampe/dbwebb-kurser/mvc/me/report/tests/Card/DeckOfCardsTest.php" line="24" assertions="2" time="0.000508"/>
        <testcase name="testDrawCard" class="App\Card\DeckOfCardsTest" classname="App.Card.DeckOfCardsTest" file="/mnt/c/cygwin64/home/hampe/dbwebb-kurser/mvc/me/report/tests/Card/DeckOfCardsTest.php" line="35" assertions="2" time="0.000730"/>
        <testcase name="testShuffle" class="App\Card\DeckOfCardsTest" classname="App.Card.DeckOfCardsTest" file="/mnt/c/cygwin64/home/hampe/dbwebb-kurser/mvc/me/report/tests/Card/DeckOfCardsTest.php" line="45" assertions="1" time="0.039466"/>
        <testcase name="testGetDeckAsString" class="App\Card\DeckOfCardsTest" classname="App.Card.DeckOfCardsTest" file="/mnt/c/cygwin64/home/hampe/dbwebb-kurser/mvc/me/report/tests/Card/DeckOfCardsTest.php" line="56" assertions="3" time="0.000648"/>
        <testcase name="testGetDeck" class="App\Card\DeckOfCardsTest" classname="App.Card.DeckOfCardsTest" file="/mnt/c/cygwin64/home/hampe/dbwebb-kurser/mvc/me/report/tests/Card/DeckOfCardsTest.php" line="65" assertions="2" time="0.000426"/>
      </testsuite>
      <testsuite name="App\Card\DeckOfCardsWithJokerTest" file="/mnt/c/cygwin64/home/hampe/dbwebb-kurser/mvc/me/report/tests/Card/DeckOfCardsWithJokerTest.php" tests="2" assertions="4" errors="0" warnings="0" failures="0" skipped="0" time="0.008070">
        <testcase name="testCreateDeck" class="App\Card\DeckOfCardsWithJokerTest" classname="App.Card.DeckOfCardsWithJokerTest" file="/mnt/c/cygwin64/home/hampe/dbwebb-kurser/mvc/me/report/tests/Card/DeckOfCardsWithJokerTest.php" line="16" assertions="2" time="0.007491"/>
        <testcase name="testHasJokers" class="App\Card\DeckOfCardsWithJokerTest" classname="App.Card.DeckOfCardsWithJokerTest" file="/mnt/c/cygwin64/home/hampe/dbwebb-kurser/mvc/me/report/tests/Card/DeckOfCardsWithJokerTest.php" line="24" assertions="2" time="0.000580"/>
      </testsuite>
      <testsuite name="App\Card\GameTest" file="/mnt/c/cygwin64/home/hampe/dbwebb-kurser/mvc/me/report/tests/Card/GameTest.php" tests="2" assertions="10" errors="0" warnings="0" failures="0" skipped="0" time="0.007764">
        <testcase name="testCreateGame" class="App\Card\GameTest" classname="App.Card.GameTest" file="/mnt/c/cygwin64/home/hampe/dbwebb-kurser/mvc/me/report/tests/Card/GameTest.php" line="21" assertions="4" time="0.007125"/>
        <testcase name="testgetWinner" class="App\Card\GameTest" classname="App.Card.GameTest" file="/mnt/c/cygwin64/home/hampe/dbwebb-kurser/mvc/me/report/tests/Card/GameTest.php" line="31" assertions="6" time="0.000640"/>
      </testsuite>
      <testsuite name="App\Card\PokerSquaresTest" file="/mnt/c/cygwin64/home/hampe/dbwebb-kurser/mvc/me/report/tests/Card/PokerSquaresTest.php" tests="4" assertions="9" errors="0" warnings="0" failures="0" skipped="0" time="0.026094">
        <testcase name="testDeckIsShuffled" class="App\Card\PokerSquaresTest" classname="App.Card.PokerSquaresTest" file="/mnt/c/cygwin64/home/hampe/dbwebb-kurser/mvc/me/report/tests/Card/PokerSquaresTest.php" line="16" assertions="1" time="0.015569"/>
        <testcase name="testGetBoard" class="App\Card\PokerSquaresTest" classname="App.Card.PokerSquaresTest" file="/mnt/c/cygwin64/home/hampe/dbwebb-kurser/mvc/me/report/tests/Card/PokerSquaresTest.php" line="26" assertions="1" time="0.000726"/>
        <testcase name="testSetNextCard" class="App\Card\PokerSquaresTest" classname="App.Card.PokerSquaresTest" file="/mnt/c/cygwin64/home/hampe/dbwebb-kurser/mvc/me/report/tests/Card/PokerSquaresTest.php" line="33" assertions="5" time="0.009251"/>
        <testcase name="testUnsetNextCard" class="App\Card\PokerSquaresTest" classname="App.Card.PokerSquaresTest" file="/mnt/c/cygwin64/home/hampe/dbwebb-kurser/mvc/me/report/tests/Card/PokerSquaresTest.php" line="50" assertions="2" time="0.000547"/>
      </testsuite>
      <testsuite name="App\Card\TestScoreTest" file="/mnt/c/cygwin64/home/hampe/dbwebb-kurser/mvc/me/report/tests/Card/TestScoreTest.php" tests="9" assertions="28" errors="0" warnings="0" failures="0" skipped="0" time="0.003565">
        <testcase name="testIsRoyalFlush" class="App\Card\TestScoreTest" classname="App.Card.TestScoreTest" file="/mnt/c/cygwin64/home/hampe/dbwebb-kurser/mvc/me/report/tests/Card/TestScoreTest.php" line="15" assertions="3" time="0.000461"/>
        <testcase name="testIsStraightFlush" class="App\Card\TestScoreTest" classname="App.Card.TestScoreTest" file="/mnt/c/cygwin64/home/hampe/dbwebb-kurser/mvc/me/report/tests/Card/TestScoreTest.php" line="47" assertions="4" time="0.000449"/>
        <testcase name="testIsFourOfAKind" class="App\Card\TestScoreTest" classname="App.Card.TestScoreTest" file="/mnt/c/cygwin64/home/hampe/dbwebb-kurser/mvc/me/report/tests/Card/TestScoreTest.php" line="87" assertions="3" time="0.000364"/>
        <testcase name="testIsFullHouse" class="App\Card\TestScoreTest" classname="App.Card.TestScoreTest" file="/mnt/c/cygwin64/home/hampe/dbwebb-kurser/mvc/me/report/tests/Card/TestScoreTest.php" line="118" assertions="3" time="0.000385"/>
        <testcase name="testIsFlush" class="App\Card\TestScoreTest" classname="App.Card.TestScoreTest" file="/mnt/c/cygwin64/home/hampe/dbwebb-kurser/mvc/me/report/tests/Card/TestScoreTest.php" line="149" assertions="3" time="0.000392"/>
        <testcase name="testIsStraight" class="App\Card\TestScoreTest" classname="App.Card.TestScoreTest" file="/mnt/c/cygwin64/home/hampe/dbwebb-kurser/mvc/me/report/tests/Card/TestScoreTest.php" line="180" assertions="3" time="0.000393"/>
        <testcase name="testIsThreeOfAKind" class="App\Card\TestScoreTest" classname="App.Card.TestScoreTest" file="/mnt/c/cygwin64/home/hampe/dbwebb-kurser/mvc/me/report/tests/Card/TestScoreTest.php" line="211" assertions="3" time="0.000369"/>
        <testcase name="testIsTwoPair" class="App\Card\TestScoreTest" classname="App.Card.TestScoreTest" file="/mnt/c/cygwin64/home/hampe/dbwebb-kurser/mvc/me/report/tests/Card/TestScoreTest.php" line="242" assertions="3" time="0.000383"/>
        <testcase name="testIsOnePair" class="App\Card\TestScoreTest" classname="App.Card.TestScoreTest" file="/mnt/c/cygwin64/home/hampe/dbwebb-kurser/mvc/me/report/tests/Card/TestScoreTest.php" line="273" assertions="3" time="0.000369"/>
      </testsuite>
      <testsuite name="App\Controller\ApiControllerTest" file="/mnt/c/cygwin64/home/hampe/dbwebb-kurser/mvc/me/report/tests/Controller/ApiTest.php" tests="5" assertions="16" errors="0" warnings="0" failures="0" skipped="0" time="5.665376">
        <testcase name="testApiQuote" class="App\Controller\ApiControllerTest" classname="App.Controller.ApiControllerTest" file="/mnt/c/cygwin64/home/hampe/dbwebb-kurser/mvc/me/report/tests/Controller/ApiTest.php" line="17" assertions="4" time="5.311459"/>
        <testcase name="testDeck" class="App\Controller\ApiControllerTest" classname="App.Controller.ApiControllerTest" file="/mnt/c/cygwin64/home/hampe/dbwebb-kurser/mvc/me/report/tests/Controller/ApiTest.php" line="34" assertions="2" time="0.323048"/>
        <testcase name="testDeckShuffle" class="App\Controller\ApiControllerTest" classname="App.Controller.ApiControllerTest" file="/mnt/c/cygwin64/home/hampe/dbwebb-kurser/mvc/me/report/tests/Controller/ApiTest.php" line="55" assertions="3" time="0.007937"/>
        <testcase name="testDeckDraw" class="App\Controller\ApiControllerTest" classname="App.Controller.ApiControllerTest" file="/mnt/c/cygwin64/home/hampe/dbwebb-kurser/mvc/me/report/tests/Controller/ApiTest.php" line="78" assertions="4" time="0.001446"/>
        <testcase name="testGame" class="App\Controller\ApiControllerTest" classname="App.Controller.ApiControllerTest" file="/mnt/c/cygwin64/home/hampe/dbwebb-kurser/mvc/me/report/tests/Controller/ApiTest.php" line="106" assertions="3" time="0.021485"/>
      </testsuite>
      <testsuite name="App\Dice\DiceTest" file="/mnt/c/cygwin64/home/hampe/dbwebb-kurser/mvc/me/report/tests/Dice/DiceTest.php" tests="1" assertions="2" errors="0" warnings="0" failures="0" skipped="0" time="0.018487">
        <testcase name="testCreateDice" class="App\Dice\DiceTest" classname="App.Dice.DiceTest" file="/mnt/c/cygwin64/home/hampe/dbwebb-kurser/mvc/me/report/tests/Dice/DiceTest.php" line="16" assertions="2" time="0.018487"/>
      </testsuite>
    </testsuite>
  </testsuite>
</testsuites>
