<?xml version="1.0" encoding="UTF-8"?>
<testsuites>
  <testsuite name="" tests="36" assertions="98" errors="0" warnings="0" failures="0" skipped="0" time="6.501933">
    <testsuite name="Project Test Suite" tests="36" assertions="98" errors="0" warnings="0" failures="0" skipped="0" time="6.501933">
      <testsuite name="App\Card\CardHandTest" file="/mnt/c/cygwin64/home/hampe/dbwebb-kurser/mvc/me/report/tests/Card/CardHandTest.php" tests="5" assertions="14" errors="0" warnings="0" failures="0" skipped="0" time="0.152671">
        <testcase name="testCreateHand" class="App\Card\CardHandTest" classname="App.Card.CardHandTest" file="/mnt/c/cygwin64/home/hampe/dbwebb-kurser/mvc/me/report/tests/Card/CardHandTest.php" line="16" assertions="1" time="0.118571"/>
        <testcase name="testAddCards" class="App\Card\CardHandTest" classname="App.Card.CardHandTest" file="/mnt/c/cygwin64/home/hampe/dbwebb-kurser/mvc/me/report/tests/Card/CardHandTest.php" line="23" assertions="3" time="0.023254"/>
        <testcase name="testGetHandAsString" class="App\Card\CardHandTest" classname="App.Card.CardHandTest" file="/mnt/c/cygwin64/home/hampe/dbwebb-kurser/mvc/me/report/tests/Card/CardHandTest.php" line="38" assertions="2" time="0.010191"/>
        <testcase name="testGetTotalValue" class="App\Card\CardHandTest" classname="App.Card.CardHandTest" file="/mnt/c/cygwin64/home/hampe/dbwebb-kurser/mvc/me/report/tests/Card/CardHandTest.php" line="49" assertions="3" time="0.000320"/>
        <testcase name="testGetValueAsArr" class="App\Card\CardHandTest" classname="App.Card.CardHandTest" file="/mnt/c/cygwin64/home/hampe/dbwebb-kurser/mvc/me/report/tests/Card/CardHandTest.php" line="64" assertions="5" time="0.000334"/>
      </testsuite>
      <testsuite name="App\Card\CardTest" file="/mnt/c/cygwin64/home/hampe/dbwebb-kurser/mvc/me/report/tests/Card/CardTest.php" tests="3" assertions="5" errors="0" warnings="0" failures="0" skipped="0" time="0.000864">
        <testcase name="testCreateCard" class="App\Card\CardTest" classname="App.Card.CardTest" file="/mnt/c/cygwin64/home/hampe/dbwebb-kurser/mvc/me/report/tests/Card/CardTest.php" line="16" assertions="1" time="0.000302"/>
        <testcase name="testCardAttributes" class="App\Card\CardTest" classname="App.Card.CardTest" file="/mnt/c/cygwin64/home/hampe/dbwebb-kurser/mvc/me/report/tests/Card/CardTest.php" line="23" assertions="2" time="0.000288"/>
        <testcase name="testChangeCardAttribute" class="App\Card\CardTest" classname="App.Card.CardTest" file="/mnt/c/cygwin64/home/hampe/dbwebb-kurser/mvc/me/report/tests/Card/CardTest.php" line="31" assertions="2" time="0.000273"/>
      </testsuite>
      <testsuite name="App\Card\DeckOfCardsTest" file="/mnt/c/cygwin64/home/hampe/dbwebb-kurser/mvc/me/report/tests/Card/DeckOfCardsTest.php" tests="5" assertions="10" errors="0" warnings="0" failures="0" skipped="0" time="0.055353">
        <testcase name="testCreateDeck" class="App\Card\DeckOfCardsTest" classname="App.Card.DeckOfCardsTest" file="/mnt/c/cygwin64/home/hampe/dbwebb-kurser/mvc/me/report/tests/Card/DeckOfCardsTest.php" line="16" assertions="2" time="0.008252"/>
        <testcase name="testGetAmountOfCards" class="App\Card\DeckOfCardsTest" classname="App.Card.DeckOfCardsTest" file="/mnt/c/cygwin64/home/hampe/dbwebb-kurser/mvc/me/report/tests/Card/DeckOfCardsTest.php" line="24" assertions="2" time="0.000471"/>
        <testcase name="testDrawCard" class="App\Card\DeckOfCardsTest" classname="App.Card.DeckOfCardsTest" file="/mnt/c/cygwin64/home/hampe/dbwebb-kurser/mvc/me/report/tests/Card/DeckOfCardsTest.php" line="35" assertions="2" time="0.000679"/>
        <testcase name="testShuffle" class="App\Card\DeckOfCardsTest" classname="App.Card.DeckOfCardsTest" file="/mnt/c/cygwin64/home/hampe/dbwebb-kurser/mvc/me/report/tests/Card/DeckOfCardsTest.php" line="45" assertions="1" time="0.045312"/>
        <testcase name="testGetDeckAsString" class="App\Card\DeckOfCardsTest" classname="App.Card.DeckOfCardsTest" file="/mnt/c/cygwin64/home/hampe/dbwebb-kurser/mvc/me/report/tests/Card/DeckOfCardsTest.php" line="56" assertions="3" time="0.000638"/>
      </testsuite>
      <testsuite name="App\Card\DeckOfCardsWithJokerTest" file="/mnt/c/cygwin64/home/hampe/dbwebb-kurser/mvc/me/report/tests/Card/DeckOfCardsWithJokerTest.php" tests="2" assertions="4" errors="0" warnings="0" failures="0" skipped="0" time="0.010289">
        <testcase name="testCreateDeck" class="App\Card\DeckOfCardsWithJokerTest" classname="App.Card.DeckOfCardsWithJokerTest" file="/mnt/c/cygwin64/home/hampe/dbwebb-kurser/mvc/me/report/tests/Card/DeckOfCardsWithJokerTest.php" line="16" assertions="2" time="0.009678"/>
        <testcase name="testHasJokers" class="App\Card\DeckOfCardsWithJokerTest" classname="App.Card.DeckOfCardsWithJokerTest" file="/mnt/c/cygwin64/home/hampe/dbwebb-kurser/mvc/me/report/tests/Card/DeckOfCardsWithJokerTest.php" line="24" assertions="2" time="0.000611"/>
      </testsuite>
      <testsuite name="App\Card\GameTest" file="/mnt/c/cygwin64/home/hampe/dbwebb-kurser/mvc/me/report/tests/Card/GameTest.php" tests="2" assertions="10" errors="0" warnings="0" failures="0" skipped="0" time="0.010387">
        <testcase name="testCreateGame" class="App\Card\GameTest" classname="App.Card.GameTest" file="/mnt/c/cygwin64/home/hampe/dbwebb-kurser/mvc/me/report/tests/Card/GameTest.php" line="21" assertions="4" time="0.009782"/>
        <testcase name="testgetWinner" class="App\Card\GameTest" classname="App.Card.GameTest" file="/mnt/c/cygwin64/home/hampe/dbwebb-kurser/mvc/me/report/tests/Card/GameTest.php" line="31" assertions="6" time="0.000605"/>
      </testsuite>
      <testsuite name="App\Card\PokerSquaresTest" file="/mnt/c/cygwin64/home/hampe/dbwebb-kurser/mvc/me/report/tests/Card/PokerSquaresTest.php" tests="4" assertions="9" errors="0" warnings="0" failures="0" skipped="0" time="0.038730">
        <testcase name="testDeckIsShuffled" class="App\Card\PokerSquaresTest" classname="App.Card.PokerSquaresTest" file="/mnt/c/cygwin64/home/hampe/dbwebb-kurser/mvc/me/report/tests/Card/PokerSquaresTest.php" line="16" assertions="1" time="0.024917"/>
        <testcase name="testGetBoard" class="App\Card\PokerSquaresTest" classname="App.Card.PokerSquaresTest" file="/mnt/c/cygwin64/home/hampe/dbwebb-kurser/mvc/me/report/tests/Card/PokerSquaresTest.php" line="26" assertions="1" time="0.000610"/>
        <testcase name="testSetNextCard" class="App\Card\PokerSquaresTest" classname="App.Card.PokerSquaresTest" file="/mnt/c/cygwin64/home/hampe/dbwebb-kurser/mvc/me/report/tests/Card/PokerSquaresTest.php" line="33" assertions="5" time="0.012657"/>
        <testcase name="testUnsetNextCard" class="App\Card\PokerSquaresTest" classname="App.Card.PokerSquaresTest" file="/mnt/c/cygwin64/home/hampe/dbwebb-kurser/mvc/me/report/tests/Card/PokerSquaresTest.php" line="51" assertions="2" time="0.000546"/>
      </testsuite>
      <testsuite name="App\Card\TestScoreTest" file="/mnt/c/cygwin64/home/hampe/dbwebb-kurser/mvc/me/report/tests/Card/TestScoreTest.php" tests="9" assertions="28" errors="0" warnings="0" failures="0" skipped="0" time="0.026636">
        <testcase name="testIsRoyalFlush" class="App\Card\TestScoreTest" classname="App.Card.TestScoreTest" file="/mnt/c/cygwin64/home/hampe/dbwebb-kurser/mvc/me/report/tests/Card/TestScoreTest.php" line="15" assertions="3" time="0.023262"/>
        <testcase name="testIsStraightFlush" class="App\Card\TestScoreTest" classname="App.Card.TestScoreTest" file="/mnt/c/cygwin64/home/hampe/dbwebb-kurser/mvc/me/report/tests/Card/TestScoreTest.php" line="47" assertions="4" time="0.000527"/>
        <testcase name="testIsFourOfAKind" class="App\Card\TestScoreTest" classname="App.Card.TestScoreTest" file="/mnt/c/cygwin64/home/hampe/dbwebb-kurser/mvc/me/report/tests/Card/TestScoreTest.php" line="87" assertions="3" time="0.000403"/>
        <testcase name="testIsFullHouse" class="App\Card\TestScoreTest" classname="App.Card.TestScoreTest" file="/mnt/c/cygwin64/home/hampe/dbwebb-kurser/mvc/me/report/tests/Card/TestScoreTest.php" line="118" assertions="3" time="0.000390"/>
        <testcase name="testIsFlush" class="App\Card\TestScoreTest" classname="App.Card.TestScoreTest" file="/mnt/c/cygwin64/home/hampe/dbwebb-kurser/mvc/me/report/tests/Card/TestScoreTest.php" line="149" assertions="3" time="0.000513"/>
        <testcase name="testIsStraight" class="App\Card\TestScoreTest" classname="App.Card.TestScoreTest" file="/mnt/c/cygwin64/home/hampe/dbwebb-kurser/mvc/me/report/tests/Card/TestScoreTest.php" line="180" assertions="3" time="0.000402"/>
        <testcase name="testIsThreeOfAKind" class="App\Card\TestScoreTest" classname="App.Card.TestScoreTest" file="/mnt/c/cygwin64/home/hampe/dbwebb-kurser/mvc/me/report/tests/Card/TestScoreTest.php" line="211" assertions="3" time="0.000379"/>
        <testcase name="testIsTwoPair" class="App\Card\TestScoreTest" classname="App.Card.TestScoreTest" file="/mnt/c/cygwin64/home/hampe/dbwebb-kurser/mvc/me/report/tests/Card/TestScoreTest.php" line="242" assertions="3" time="0.000383"/>
        <testcase name="testIsOnePair" class="App\Card\TestScoreTest" classname="App.Card.TestScoreTest" file="/mnt/c/cygwin64/home/hampe/dbwebb-kurser/mvc/me/report/tests/Card/TestScoreTest.php" line="273" assertions="3" time="0.000376"/>
      </testsuite>
      <testsuite name="App\Controller\ApiControllerTest" file="/mnt/c/cygwin64/home/hampe/dbwebb-kurser/mvc/me/report/tests/Controller/ApiTest.php" tests="5" assertions="16" errors="0" warnings="0" failures="0" skipped="0" time="6.179626">
        <testcase name="testApiQuote" class="App\Controller\ApiControllerTest" classname="App.Controller.ApiControllerTest" file="/mnt/c/cygwin64/home/hampe/dbwebb-kurser/mvc/me/report/tests/Controller/ApiTest.php" line="17" assertions="4" time="5.757776"/>
        <testcase name="testDeck" class="App\Controller\ApiControllerTest" classname="App.Controller.ApiControllerTest" file="/mnt/c/cygwin64/home/hampe/dbwebb-kurser/mvc/me/report/tests/Controller/ApiTest.php" line="34" assertions="2" time="0.382510"/>
        <testcase name="testDeckShuffle" class="App\Controller\ApiControllerTest" classname="App.Controller.ApiControllerTest" file="/mnt/c/cygwin64/home/hampe/dbwebb-kurser/mvc/me/report/tests/Controller/ApiTest.php" line="55" assertions="3" time="0.009995"/>
        <testcase name="testDeckDraw" class="App\Controller\ApiControllerTest" classname="App.Controller.ApiControllerTest" file="/mnt/c/cygwin64/home/hampe/dbwebb-kurser/mvc/me/report/tests/Controller/ApiTest.php" line="78" assertions="4" time="0.001576"/>
        <testcase name="testGame" class="App\Controller\ApiControllerTest" classname="App.Controller.ApiControllerTest" file="/mnt/c/cygwin64/home/hampe/dbwebb-kurser/mvc/me/report/tests/Controller/ApiTest.php" line="106" assertions="3" time="0.027769"/>
      </testsuite>
      <testsuite name="App\Dice\DiceTest" file="/mnt/c/cygwin64/home/hampe/dbwebb-kurser/mvc/me/report/tests/Dice/DiceTest.php" tests="1" assertions="2" errors="0" warnings="0" failures="0" skipped="0" time="0.027379">
        <testcase name="testCreateDice" class="App\Dice\DiceTest" classname="App.Dice.DiceTest" file="/mnt/c/cygwin64/home/hampe/dbwebb-kurser/mvc/me/report/tests/Dice/DiceTest.php" line="16" assertions="2" time="0.027379"/>
      </testsuite>
    </testsuite>
  </testsuite>
</testsuites>
