<?xml version="1.0" encoding="UTF-8"?>
<testsuites>
  <testsuite name="" tests="43" assertions="118" errors="0" warnings="0" failures="0" skipped="0" time="6.989413">
    <testsuite name="Project Test Suite" tests="43" assertions="118" errors="0" warnings="0" failures="0" skipped="0" time="6.989413">
      <testsuite name="App\Card\BoardTest" file="/mnt/c/cygwin64/home/hampe/dbwebb-kurser/mvc/me/report/tests/Card/BoardTest.php" tests="5" assertions="15" errors="0" warnings="0" failures="0" skipped="0" time="0.232156">
        <testcase name="testGetBoard" class="App\Card\BoardTest" classname="App.Card.BoardTest" file="/mnt/c/cygwin64/home/hampe/dbwebb-kurser/mvc/me/report/tests/Card/BoardTest.php" line="17" assertions="2" time="0.141233"/>
        <testcase name="testSetCard" class="App\Card\BoardTest" classname="App.Card.BoardTest" file="/mnt/c/cygwin64/home/hampe/dbwebb-kurser/mvc/me/report/tests/Card/BoardTest.php" line="31" assertions="1" time="0.010340"/>
        <testcase name="testSetCardException" class="App\Card\BoardTest" classname="App.Card.BoardTest" file="/mnt/c/cygwin64/home/hampe/dbwebb-kurser/mvc/me/report/tests/Card/BoardTest.php" line="50" assertions="1" time="0.028163"/>
        <testcase name="testIsFull" class="App\Card\BoardTest" classname="App.Card.BoardTest" file="/mnt/c/cygwin64/home/hampe/dbwebb-kurser/mvc/me/report/tests/Card/BoardTest.php" line="70" assertions="6" time="0.026860"/>
        <testcase name="testGetPoints" class="App\Card\BoardTest" classname="App.Card.BoardTest" file="/mnt/c/cygwin64/home/hampe/dbwebb-kurser/mvc/me/report/tests/Card/BoardTest.php" line="131" assertions="5" time="0.025560"/>
      </testsuite>
      <testsuite name="App\Card\CardHandTest" file="/mnt/c/cygwin64/home/hampe/dbwebb-kurser/mvc/me/report/tests/Card/CardHandTest.php" tests="6" assertions="17" errors="0" warnings="0" failures="0" skipped="0" time="0.024061">
        <testcase name="testCreateHand" class="App\Card\CardHandTest" classname="App.Card.CardHandTest" file="/mnt/c/cygwin64/home/hampe/dbwebb-kurser/mvc/me/report/tests/Card/CardHandTest.php" line="16" assertions="1" time="0.010719"/>
        <testcase name="testAddCards" class="App\Card\CardHandTest" classname="App.Card.CardHandTest" file="/mnt/c/cygwin64/home/hampe/dbwebb-kurser/mvc/me/report/tests/Card/CardHandTest.php" line="23" assertions="3" time="0.000329"/>
        <testcase name="testGetHandAsString" class="App\Card\CardHandTest" classname="App.Card.CardHandTest" file="/mnt/c/cygwin64/home/hampe/dbwebb-kurser/mvc/me/report/tests/Card/CardHandTest.php" line="38" assertions="2" time="0.012097"/>
        <testcase name="testGetTotalValue" class="App\Card\CardHandTest" classname="App.Card.CardHandTest" file="/mnt/c/cygwin64/home/hampe/dbwebb-kurser/mvc/me/report/tests/Card/CardHandTest.php" line="49" assertions="3" time="0.000305"/>
        <testcase name="testGetValueAsArr" class="App\Card\CardHandTest" classname="App.Card.CardHandTest" file="/mnt/c/cygwin64/home/hampe/dbwebb-kurser/mvc/me/report/tests/Card/CardHandTest.php" line="64" assertions="5" time="0.000316"/>
        <testcase name="testGetCards" class="App\Card\CardHandTest" classname="App.Card.CardHandTest" file="/mnt/c/cygwin64/home/hampe/dbwebb-kurser/mvc/me/report/tests/Card/CardHandTest.php" line="79" assertions="3" time="0.000296"/>
      </testsuite>
      <testsuite name="App\Card\CardTest" file="/mnt/c/cygwin64/home/hampe/dbwebb-kurser/mvc/me/report/tests/Card/CardTest.php" tests="3" assertions="5" errors="0" warnings="0" failures="0" skipped="0" time="0.000856">
        <testcase name="testCreateCard" class="App\Card\CardTest" classname="App.Card.CardTest" file="/mnt/c/cygwin64/home/hampe/dbwebb-kurser/mvc/me/report/tests/Card/CardTest.php" line="16" assertions="1" time="0.000295"/>
        <testcase name="testCardAttributes" class="App\Card\CardTest" classname="App.Card.CardTest" file="/mnt/c/cygwin64/home/hampe/dbwebb-kurser/mvc/me/report/tests/Card/CardTest.php" line="23" assertions="2" time="0.000273"/>
        <testcase name="testChangeCardAttribute" class="App\Card\CardTest" classname="App.Card.CardTest" file="/mnt/c/cygwin64/home/hampe/dbwebb-kurser/mvc/me/report/tests/Card/CardTest.php" line="31" assertions="2" time="0.000288"/>
      </testsuite>
      <testsuite name="App\Card\DeckOfCardsTest" file="/mnt/c/cygwin64/home/hampe/dbwebb-kurser/mvc/me/report/tests/Card/DeckOfCardsTest.php" tests="6" assertions="12" errors="0" warnings="0" failures="0" skipped="0" time="0.056508">
        <testcase name="testCreateDeck" class="App\Card\DeckOfCardsTest" classname="App.Card.DeckOfCardsTest" file="/mnt/c/cygwin64/home/hampe/dbwebb-kurser/mvc/me/report/tests/Card/DeckOfCardsTest.php" line="16" assertions="2" time="0.009872"/>
        <testcase name="testGetAmountOfCards" class="App\Card\DeckOfCardsTest" classname="App.Card.DeckOfCardsTest" file="/mnt/c/cygwin64/home/hampe/dbwebb-kurser/mvc/me/report/tests/Card/DeckOfCardsTest.php" line="24" assertions="2" time="0.000481"/>
        <testcase name="testDrawCard" class="App\Card\DeckOfCardsTest" classname="App.Card.DeckOfCardsTest" file="/mnt/c/cygwin64/home/hampe/dbwebb-kurser/mvc/me/report/tests/Card/DeckOfCardsTest.php" line="35" assertions="2" time="0.000725"/>
        <testcase name="testShuffle" class="App\Card\DeckOfCardsTest" classname="App.Card.DeckOfCardsTest" file="/mnt/c/cygwin64/home/hampe/dbwebb-kurser/mvc/me/report/tests/Card/DeckOfCardsTest.php" line="45" assertions="1" time="0.044344"/>
        <testcase name="testGetDeckAsString" class="App\Card\DeckOfCardsTest" classname="App.Card.DeckOfCardsTest" file="/mnt/c/cygwin64/home/hampe/dbwebb-kurser/mvc/me/report/tests/Card/DeckOfCardsTest.php" line="56" assertions="3" time="0.000630"/>
        <testcase name="testGetDeck" class="App\Card\DeckOfCardsTest" classname="App.Card.DeckOfCardsTest" file="/mnt/c/cygwin64/home/hampe/dbwebb-kurser/mvc/me/report/tests/Card/DeckOfCardsTest.php" line="65" assertions="2" time="0.000455"/>
      </testsuite>
      <testsuite name="App\Card\DeckOfCardsWithJokerTest" file="/mnt/c/cygwin64/home/hampe/dbwebb-kurser/mvc/me/report/tests/Card/DeckOfCardsWithJokerTest.php" tests="2" assertions="4" errors="0" warnings="0" failures="0" skipped="0" time="0.008393">
        <testcase name="testCreateDeck" class="App\Card\DeckOfCardsWithJokerTest" classname="App.Card.DeckOfCardsWithJokerTest" file="/mnt/c/cygwin64/home/hampe/dbwebb-kurser/mvc/me/report/tests/Card/DeckOfCardsWithJokerTest.php" line="16" assertions="2" time="0.007803"/>
        <testcase name="testHasJokers" class="App\Card\DeckOfCardsWithJokerTest" classname="App.Card.DeckOfCardsWithJokerTest" file="/mnt/c/cygwin64/home/hampe/dbwebb-kurser/mvc/me/report/tests/Card/DeckOfCardsWithJokerTest.php" line="24" assertions="2" time="0.000590"/>
      </testsuite>
      <testsuite name="App\Card\GameTest" file="/mnt/c/cygwin64/home/hampe/dbwebb-kurser/mvc/me/report/tests/Card/GameTest.php" tests="2" assertions="10" errors="0" warnings="0" failures="0" skipped="0" time="0.008734">
        <testcase name="testCreateGame" class="App\Card\GameTest" classname="App.Card.GameTest" file="/mnt/c/cygwin64/home/hampe/dbwebb-kurser/mvc/me/report/tests/Card/GameTest.php" line="21" assertions="4" time="0.008118"/>
        <testcase name="testgetWinner" class="App\Card\GameTest" classname="App.Card.GameTest" file="/mnt/c/cygwin64/home/hampe/dbwebb-kurser/mvc/me/report/tests/Card/GameTest.php" line="31" assertions="6" time="0.000616"/>
      </testsuite>
      <testsuite name="App\Card\PokerSquaresTest" file="/mnt/c/cygwin64/home/hampe/dbwebb-kurser/mvc/me/report/tests/Card/PokerSquaresTest.php" tests="4" assertions="9" errors="0" warnings="0" failures="0" skipped="0" time="0.031907">
        <testcase name="testDeckIsShuffled" class="App\Card\PokerSquaresTest" classname="App.Card.PokerSquaresTest" file="/mnt/c/cygwin64/home/hampe/dbwebb-kurser/mvc/me/report/tests/Card/PokerSquaresTest.php" line="16" assertions="1" time="0.019515"/>
        <testcase name="testGetBoard" class="App\Card\PokerSquaresTest" classname="App.Card.PokerSquaresTest" file="/mnt/c/cygwin64/home/hampe/dbwebb-kurser/mvc/me/report/tests/Card/PokerSquaresTest.php" line="26" assertions="1" time="0.000485"/>
        <testcase name="testSetNextCard" class="App\Card\PokerSquaresTest" classname="App.Card.PokerSquaresTest" file="/mnt/c/cygwin64/home/hampe/dbwebb-kurser/mvc/me/report/tests/Card/PokerSquaresTest.php" line="33" assertions="5" time="0.011413"/>
        <testcase name="testUnsetNextCard" class="App\Card\PokerSquaresTest" classname="App.Card.PokerSquaresTest" file="/mnt/c/cygwin64/home/hampe/dbwebb-kurser/mvc/me/report/tests/Card/PokerSquaresTest.php" line="50" assertions="2" time="0.000494"/>
      </testsuite>
      <testsuite name="App\Card\TestScoreTest" file="/mnt/c/cygwin64/home/hampe/dbwebb-kurser/mvc/me/report/tests/Card/TestScoreTest.php" tests="9" assertions="28" errors="0" warnings="0" failures="0" skipped="0" time="0.003527">
        <testcase name="testIsRoyalFlush" class="App\Card\TestScoreTest" classname="App.Card.TestScoreTest" file="/mnt/c/cygwin64/home/hampe/dbwebb-kurser/mvc/me/report/tests/Card/TestScoreTest.php" line="15" assertions="3" time="0.000405"/>
        <testcase name="testIsStraightFlush" class="App\Card\TestScoreTest" classname="App.Card.TestScoreTest" file="/mnt/c/cygwin64/home/hampe/dbwebb-kurser/mvc/me/report/tests/Card/TestScoreTest.php" line="47" assertions="4" time="0.000440"/>
        <testcase name="testIsFourOfAKind" class="App\Card\TestScoreTest" classname="App.Card.TestScoreTest" file="/mnt/c/cygwin64/home/hampe/dbwebb-kurser/mvc/me/report/tests/Card/TestScoreTest.php" line="87" assertions="3" time="0.000400"/>
        <testcase name="testIsFullHouse" class="App\Card\TestScoreTest" classname="App.Card.TestScoreTest" file="/mnt/c/cygwin64/home/hampe/dbwebb-kurser/mvc/me/report/tests/Card/TestScoreTest.php" line="118" assertions="3" time="0.000403"/>
        <testcase name="testIsFlush" class="App\Card\TestScoreTest" classname="App.Card.TestScoreTest" file="/mnt/c/cygwin64/home/hampe/dbwebb-kurser/mvc/me/report/tests/Card/TestScoreTest.php" line="149" assertions="3" time="0.000366"/>
        <testcase name="testIsStraight" class="App\Card\TestScoreTest" classname="App.Card.TestScoreTest" file="/mnt/c/cygwin64/home/hampe/dbwebb-kurser/mvc/me/report/tests/Card/TestScoreTest.php" line="180" assertions="3" time="0.000382"/>
        <testcase name="testIsThreeOfAKind" class="App\Card\TestScoreTest" classname="App.Card.TestScoreTest" file="/mnt/c/cygwin64/home/hampe/dbwebb-kurser/mvc/me/report/tests/Card/TestScoreTest.php" line="211" assertions="3" time="0.000380"/>
        <testcase name="testIsTwoPair" class="App\Card\TestScoreTest" classname="App.Card.TestScoreTest" file="/mnt/c/cygwin64/home/hampe/dbwebb-kurser/mvc/me/report/tests/Card/TestScoreTest.php" line="242" assertions="3" time="0.000383"/>
        <testcase name="testIsOnePair" class="App\Card\TestScoreTest" classname="App.Card.TestScoreTest" file="/mnt/c/cygwin64/home/hampe/dbwebb-kurser/mvc/me/report/tests/Card/TestScoreTest.php" line="273" assertions="3" time="0.000368"/>
      </testsuite>
      <testsuite name="App\Controller\ApiControllerTest" file="/mnt/c/cygwin64/home/hampe/dbwebb-kurser/mvc/me/report/tests/Controller/ApiTest.php" tests="5" assertions="16" errors="0" warnings="0" failures="0" skipped="0" time="6.601265">
        <testcase name="testApiQuote" class="App\Controller\ApiControllerTest" classname="App.Controller.ApiControllerTest" file="/mnt/c/cygwin64/home/hampe/dbwebb-kurser/mvc/me/report/tests/Controller/ApiTest.php" line="17" assertions="4" time="6.159731"/>
        <testcase name="testDeck" class="App\Controller\ApiControllerTest" classname="App.Controller.ApiControllerTest" file="/mnt/c/cygwin64/home/hampe/dbwebb-kurser/mvc/me/report/tests/Controller/ApiTest.php" line="34" assertions="2" time="0.405735"/>
        <testcase name="testDeckShuffle" class="App\Controller\ApiControllerTest" classname="App.Controller.ApiControllerTest" file="/mnt/c/cygwin64/home/hampe/dbwebb-kurser/mvc/me/report/tests/Controller/ApiTest.php" line="55" assertions="3" time="0.009057"/>
        <testcase name="testDeckDraw" class="App\Controller\ApiControllerTest" classname="App.Controller.ApiControllerTest" file="/mnt/c/cygwin64/home/hampe/dbwebb-kurser/mvc/me/report/tests/Controller/ApiTest.php" line="78" assertions="4" time="0.001462"/>
        <testcase name="testGame" class="App\Controller\ApiControllerTest" classname="App.Controller.ApiControllerTest" file="/mnt/c/cygwin64/home/hampe/dbwebb-kurser/mvc/me/report/tests/Controller/ApiTest.php" line="106" assertions="3" time="0.025279"/>
      </testsuite>
      <testsuite name="App\Dice\DiceTest" file="/mnt/c/cygwin64/home/hampe/dbwebb-kurser/mvc/me/report/tests/Dice/DiceTest.php" tests="1" assertions="2" errors="0" warnings="0" failures="0" skipped="0" time="0.022006">
        <testcase name="testCreateDice" class="App\Dice\DiceTest" classname="App.Dice.DiceTest" file="/mnt/c/cygwin64/home/hampe/dbwebb-kurser/mvc/me/report/tests/Dice/DiceTest.php" line="16" assertions="2" time="0.022006"/>
      </testsuite>
    </testsuite>
  </testsuite>
</testsuites>
